<?xml version="1.0" encoding="UTF-8"?>
<!-- Generated by org.testng.reporters.JUnitReportReporter -->
<testsuite skipped="0" hostname="Snehal-Laptop" name="SeleniumProject.SeleniumMavenProject.MavenProjectJenkinsRUn" tests="1" failures="0" timestamp="2020-02-23T17:12:49 IST" time="3.882" errors="0">
  <testcase name="waitTest" time="3.882" classname="SeleniumProject.SeleniumMavenProject.MavenProjectJenkinsRUn"/>
</testsuite> <!-- SeleniumProject.SeleniumMavenProject.MavenProjectJenkinsRUn -->
